Arguments: 
  /usr/local/bin/node /Users/maqibin/.yarn/bin/yarn.js add co-request json-stringify-pretty-compact

PATH: 
  /Users/maqibin/.yarn/bin:/Users/maqibin/.config/yarn/global/node_modules/.bin:/Library/Java/JavaVirtualMachines/jdk1.8.0_45.jdk/Contents/Home/bin:/usr/local/bin:/usr/bin:/bin:/usr/sbin:/sbin:/Users/maqibin/.yarn/bin:/Users/maqibin/.config/yarn/global/node_modules/.bin:/Library/Java/JavaVirtualMachines/jdk1.8.0_45.jdk/Contents/Home/bin:/Users/maqibin/Library/Android/sdk/tools:/Users/maqibin/Library/Android/sdk/platform-tools:/Users/maqibin/Downloads/gradle-2.14.1/bin:/Users/maqibin/Library/Android/sdk/tools:/Users/maqibin/Library/Android/sdk/platform-tools:/Users/maqibin/Downloads/gradle-2.14.1/bin

Yarn version: 
  1.10.1

Node version: 
  9.3.0

Platform: 
  darwin x64

Trace: 
  Error: getaddrinfo ENOTFOUND rnpm.uyundev.cn rnpm.uyundev.cn:80
      at errnoException (dns.js:55:10)
      at GetAddrInfoReqWrap.onlookup [as oncomplete] (dns.js:97:26)

npm manifest: 
  {
    "name": "star",
    "displayName": "star",
    "description": "star",
    "version": "0.0.1",
    "publisher": "star",
    "engines": {
      "vscode": "^1.28.0"
    },
    "categories": [
      "Other"
    ],
    "activationEvents": [
      "onCommand:extension.sayHello"
    ],
    "main": "./extension",
    "contributes": {
      "commands": [
        {
          "command": "extension.sayHello",
          "title": "Hello World111"
        }
      ],
      "keybindings": [
        {
          "command": "extension.sayHello",
          "key": "ctrl+7",
          "mac": "cmd+7",
          "when": "editorTextFocus"
        }
      ]
    },
    "scripts": {
      "postinstall": "node ./node_modules/vscode/bin/install",
      "test": "node ./node_modules/vscode/bin/test"
    },
    "devDependencies": {
      "typescript": "^2.6.1",
      "vscode": "^1.1.21",
      "eslint": "^4.11.0",
      "@types/node": "^8.10.25",
      "@types/mocha": "^2.2.42"
    }
  }

yarn manifest: 
  No manifest

Lockfile: 
  No lockfile
